.\..\..\Bin\Release\Tm_view6.tlb
E:\10Pearls Projects\Trail Max\Repository\trunk\SourceCode\Trialmax\Bin\Release\Tm_view6.exp
E:\10Pearls Projects\Trail Max\Repository\trunk\SourceCode\Trialmax\Bin\Release\Tm_view6.lib
E:\10PEARLS PROJECTS\TRAIL MAX\REPOSITORY\TRUNK\SOURCECODE\TRIALMAX\BIN\RELEASE\TM_VIEW6.OCX
E:\10PEARLS PROJECTS\TRAIL MAX\REPOSITORY\TRUNK\SOURCECODE\TRIALMAX\BIN\RELEASE\TM_VIEW6.TLB
E:\10Pearls Projects\Trail Max\Repository\trunk\SourceCode\Trialmax\TmaxPresentation\Tmview\.\..\..\Bin\Release\Tm_view6.ocx
E:\10PEARLS PROJECTS\TRAIL MAX\REPOSITORY\TRUNK\SOURCECODE\TRIALMAX\TMAXPRESENTATION\TMVIEW\RELEASE\ANNOTATE.OBJ
E:\10PEARLS PROJECTS\TRAIL MAX\REPOSITORY\TRUNK\SOURCECODE\TRIALMAX\TMAXPRESENTATION\TMVIEW\RELEASE\ANNPROPS.OBJ
E:\10PEARLS PROJECTS\TRAIL MAX\REPOSITORY\TRUNK\SOURCECODE\TRIALMAX\TMAXPRESENTATION\TMVIEW\RELEASE\ANNTEXT.OBJ
E:\10PEARLS PROJECTS\TRAIL MAX\REPOSITORY\TRUNK\SOURCECODE\TRIALMAX\TMAXPRESENTATION\TMVIEW\RELEASE\CALLOUT.OBJ
E:\10Pearls Projects\Trail Max\Repository\trunk\SourceCode\Trialmax\TmaxPresentation\Tmview\Release\cl.command.1.tlog
E:\10Pearls Projects\Trail Max\Repository\trunk\SourceCode\Trialmax\TmaxPresentation\Tmview\Release\CL.read.1.tlog
E:\10Pearls Projects\Trail Max\Repository\trunk\SourceCode\Trialmax\TmaxPresentation\Tmview\Release\CL.write.1.tlog
E:\10PEARLS PROJECTS\TRAIL MAX\REPOSITORY\TRUNK\SOURCECODE\TRIALMAX\TMAXPRESENTATION\TMVIEW\RELEASE\CLEANUP.OBJ
E:\10PEARLS PROJECTS\TRAIL MAX\REPOSITORY\TRUNK\SOURCECODE\TRIALMAX\TMAXPRESENTATION\TMVIEW\RELEASE\COLORCTL.OBJ
E:\10PEARLS PROJECTS\TRAIL MAX\REPOSITORY\TRUNK\SOURCECODE\TRIALMAX\TMAXPRESENTATION\TMVIEW\RELEASE\DEVCAPSCTRL.OBJ
E:\10PEARLS PROJECTS\TRAIL MAX\REPOSITORY\TRUNK\SOURCECODE\TRIALMAX\TMAXPRESENTATION\TMVIEW\RELEASE\DIAGNOSE.OBJ
E:\10PEARLS PROJECTS\TRAIL MAX\REPOSITORY\TRUNK\SOURCECODE\TRIALMAX\TMAXPRESENTATION\TMVIEW\RELEASE\FILEVER.OBJ
E:\10PEARLS PROJECTS\TRAIL MAX\REPOSITORY\TRUNK\SOURCECODE\TRIALMAX\TMAXPRESENTATION\TMVIEW\RELEASE\FPRINTERCAPS.OBJ
E:\10PEARLS PROJECTS\TRAIL MAX\REPOSITORY\TRUNK\SOURCECODE\TRIALMAX\TMAXPRESENTATION\TMVIEW\RELEASE\HANDLER.OBJ
E:\10PEARLS PROJECTS\TRAIL MAX\REPOSITORY\TRUNK\SOURCECODE\TRIALMAX\TMAXPRESENTATION\TMVIEW\RELEASE\IMGPROP.OBJ
E:\10PEARLS PROJECTS\TRAIL MAX\REPOSITORY\TRUNK\SOURCECODE\TRIALMAX\TMAXPRESENTATION\TMVIEW\RELEASE\LEAD.OBJ
E:\10Pearls Projects\Trail Max\Repository\trunk\SourceCode\Trialmax\TmaxPresentation\Tmview\Release\link.command.1.tlog
E:\10Pearls Projects\Trail Max\Repository\trunk\SourceCode\Trialmax\TmaxPresentation\Tmview\Release\link.read.1.tlog
E:\10Pearls Projects\Trail Max\Repository\trunk\SourceCode\Trialmax\TmaxPresentation\Tmview\Release\link.write.1.tlog
E:\10Pearls Projects\Trail Max\Repository\trunk\SourceCode\Trialmax\TmaxPresentation\Tmview\Release\link-cvtres.read.1.tlog
E:\10Pearls Projects\Trail Max\Repository\trunk\SourceCode\Trialmax\TmaxPresentation\Tmview\Release\link-cvtres.write.1.tlog
E:\10Pearls Projects\Trail Max\Repository\trunk\SourceCode\Trialmax\TmaxPresentation\Tmview\Release\midl.command.1.tlog
E:\10Pearls Projects\Trail Max\Repository\trunk\SourceCode\Trialmax\TmaxPresentation\Tmview\Release\midl.read.1.tlog
E:\10Pearls Projects\Trail Max\Repository\trunk\SourceCode\Trialmax\TmaxPresentation\Tmview\Release\midl.write.1.tlog
E:\10Pearls Projects\Trail Max\Repository\trunk\SourceCode\Trialmax\TmaxPresentation\Tmview\Release\midl-midlc.read.1.tlog
E:\10Pearls Projects\Trail Max\Repository\trunk\SourceCode\Trialmax\TmaxPresentation\Tmview\Release\midl-midlc.write.1.tlog
E:\10Pearls Projects\Trail Max\Repository\trunk\SourceCode\Trialmax\TmaxPresentation\Tmview\Release\midl-midlc-cl.read.1.tlog
E:\10Pearls Projects\Trail Max\Repository\trunk\SourceCode\Trialmax\TmaxPresentation\Tmview\Release\mt.command.1.tlog
E:\10Pearls Projects\Trail Max\Repository\trunk\SourceCode\Trialmax\TmaxPresentation\Tmview\Release\mt.read.1.tlog
E:\10Pearls Projects\Trail Max\Repository\trunk\SourceCode\Trialmax\TmaxPresentation\Tmview\Release\mt.write.1.tlog
E:\10PEARLS PROJECTS\TRAIL MAX\REPOSITORY\TRUNK\SOURCECODE\TRIALMAX\TMAXPRESENTATION\TMVIEW\RELEASE\PAGESET.OBJ
E:\10PEARLS PROJECTS\TRAIL MAX\REPOSITORY\TRUNK\SOURCECODE\TRIALMAX\TMAXPRESENTATION\TMVIEW\RELEASE\PATHSPLIT.OBJ
E:\10PEARLS PROJECTS\TRAIL MAX\REPOSITORY\TRUNK\SOURCECODE\TRIALMAX\TMAXPRESENTATION\TMVIEW\RELEASE\PRINTER.OBJ
E:\10Pearls Projects\Trail Max\Repository\trunk\SourceCode\Trialmax\TmaxPresentation\Tmview\Release\rc.command.1.tlog
E:\10Pearls Projects\Trail Max\Repository\trunk\SourceCode\Trialmax\TmaxPresentation\Tmview\Release\rc.read.1.tlog
E:\10Pearls Projects\Trail Max\Repository\trunk\SourceCode\Trialmax\TmaxPresentation\Tmview\Release\rc.write.1.tlog
E:\10PEARLS PROJECTS\TRAIL MAX\REPOSITORY\TRUNK\SOURCECODE\TRIALMAX\TMAXPRESENTATION\TMVIEW\RELEASE\REDACT.OBJ
E:\10PEARLS PROJECTS\TRAIL MAX\REPOSITORY\TRUNK\SOURCECODE\TRIALMAX\TMAXPRESENTATION\TMVIEW\RELEASE\REGCATS.OBJ
E:\10PEARLS PROJECTS\TRAIL MAX\REPOSITORY\TRUNK\SOURCECODE\TRIALMAX\TMAXPRESENTATION\TMVIEW\RELEASE\STDAFX.OBJ
E:\10PEARLS PROJECTS\TRAIL MAX\REPOSITORY\TRUNK\SOURCECODE\TRIALMAX\TMAXPRESENTATION\TMVIEW\RELEASE\TM_VIEW6.OCX.INTERMEDIATE.MANIFEST
E:\10PEARLS PROJECTS\TRAIL MAX\REPOSITORY\TRUNK\SOURCECODE\TRIALMAX\TMAXPRESENTATION\TMVIEW\RELEASE\TM_VIEW6.RES
E:\10Pearls Projects\Trail Max\Repository\trunk\SourceCode\Trialmax\TmaxPresentation\Tmview\Release\Tm_view6.write.1.tlog
E:\10PEARLS PROJECTS\TRAIL MAX\REPOSITORY\TRUNK\SOURCECODE\TRIALMAX\TMAXPRESENTATION\TMVIEW\RELEASE\TMINI.OBJ
E:\10PEARLS PROJECTS\TRAIL MAX\REPOSITORY\TRUNK\SOURCECODE\TRIALMAX\TMAXPRESENTATION\TMVIEW\RELEASE\TMLEAD.OBJ
E:\10PEARLS PROJECTS\TRAIL MAX\REPOSITORY\TRUNK\SOURCECODE\TRIALMAX\TMAXPRESENTATION\TMVIEW\RELEASE\TMTRACK.OBJ
E:\10PEARLS PROJECTS\TRAIL MAX\REPOSITORY\TRUNK\SOURCECODE\TRIALMAX\TMAXPRESENTATION\TMVIEW\RELEASE\TMVER.OBJ
E:\10PEARLS PROJECTS\TRAIL MAX\REPOSITORY\TRUNK\SOURCECODE\TRIALMAX\TMAXPRESENTATION\TMVIEW\RELEASE\TMVIEW.OBJ
E:\10PEARLS PROJECTS\TRAIL MAX\REPOSITORY\TRUNK\SOURCECODE\TRIALMAX\TMAXPRESENTATION\TMVIEW\RELEASE\TMVIEWAP.OBJ
E:\10PEARLS PROJECTS\TRAIL MAX\REPOSITORY\TRUNK\SOURCECODE\TRIALMAX\TMAXPRESENTATION\TMVIEW\RELEASE\TMVIEWPG.OBJ
E:\10PEARLS PROJECTS\TRAIL MAX\REPOSITORY\TRUNK\SOURCECODE\TRIALMAX\TMAXPRESENTATION\TMVIEW\RELEASE\TOOLBOX.OBJ
E:\10PEARLS PROJECTS\TRAIL MAX\REPOSITORY\TRUNK\SOURCECODE\TRIALMAX\TMAXPRESENTATION\TMVIEW\RELEASE\VC100.PDB
