.\..\..\Bin\Release\TmaxPresentation.tlb
E:\10PEARLS PROJECTS\TRAIL MAX\REPOSITORY\TRUNK\SOURCECODE\TRIALMAX\BIN\RELEASE\TMAXPRESENTATION.EXE
E:\10PEARLS PROJECTS\TRAIL MAX\REPOSITORY\TRUNK\SOURCECODE\TRIALMAX\BIN\RELEASE\TMAXPRESENTATION.TLB
E:\10Pearls Projects\Trail Max\Repository\trunk\SourceCode\Trialmax\TmaxPresentation\App\.\..\..\Bin\Release\TmaxPresentation.exe
E:\10PEARLS PROJECTS\TRAIL MAX\REPOSITORY\TRUNK\SOURCECODE\TRIALMAX\TMAXPRESENTATION\APP\RELEASE\ALIAS.OBJ
E:\10PEARLS PROJECTS\TRAIL MAX\REPOSITORY\TRUNK\SOURCECODE\TRIALMAX\TMAXPRESENTATION\APP\RELEASE\APP.OBJ
E:\10PEARLS PROJECTS\TRAIL MAX\REPOSITORY\TRUNK\SOURCECODE\TRIALMAX\TMAXPRESENTATION\APP\RELEASE\APPLINK.OBJ
E:\10PEARLS PROJECTS\TRAIL MAX\REPOSITORY\TRUNK\SOURCECODE\TRIALMAX\TMAXPRESENTATION\APP\RELEASE\BARCODE.OBJ
E:\10PEARLS PROJECTS\TRAIL MAX\REPOSITORY\TRUNK\SOURCECODE\TRIALMAX\TMAXPRESENTATION\APP\RELEASE\BCMAPSET.OBJ
E:\10PEARLS PROJECTS\TRAIL MAX\REPOSITORY\TRUNK\SOURCECODE\TRIALMAX\TMAXPRESENTATION\APP\RELEASE\BINDERENTRY.OBJ
E:\10PEARLS PROJECTS\TRAIL MAX\REPOSITORY\TRUNK\SOURCECODE\TRIALMAX\TMAXPRESENTATION\APP\RELEASE\BINDERLIST.OBJ
E:\10Pearls Projects\Trail Max\Repository\trunk\SourceCode\Trialmax\TmaxPresentation\App\Release\cl.command.1.tlog
E:\10Pearls Projects\Trail Max\Repository\trunk\SourceCode\Trialmax\TmaxPresentation\App\Release\CL.read.1.tlog
E:\10Pearls Projects\Trail Max\Repository\trunk\SourceCode\Trialmax\TmaxPresentation\App\Release\CL.write.1.tlog
E:\10PEARLS PROJECTS\TRAIL MAX\REPOSITORY\TRUNK\SOURCECODE\TRIALMAX\TMAXPRESENTATION\APP\RELEASE\COLORPICKERLIST.OBJ
E:\10PEARLS PROJECTS\TRAIL MAX\REPOSITORY\TRUNK\SOURCECODE\TRIALMAX\TMAXPRESENTATION\APP\RELEASE\COLORSET.OBJ
E:\10PEARLS PROJECTS\TRAIL MAX\REPOSITORY\TRUNK\SOURCECODE\TRIALMAX\TMAXPRESENTATION\APP\RELEASE\DB45.OBJ
E:\10PEARLS PROJECTS\TRAIL MAX\REPOSITORY\TRUNK\SOURCECODE\TRIALMAX\TMAXPRESENTATION\APP\RELEASE\DBABSTRACT.OBJ
E:\10PEARLS PROJECTS\TRAIL MAX\REPOSITORY\TRUNK\SOURCECODE\TRIALMAX\TMAXPRESENTATION\APP\RELEASE\DBBARCODEMAP.OBJ
E:\10PEARLS PROJECTS\TRAIL MAX\REPOSITORY\TRUNK\SOURCECODE\TRIALMAX\TMAXPRESENTATION\APP\RELEASE\DBBINDERENTRY.OBJ
E:\10PEARLS PROJECTS\TRAIL MAX\REPOSITORY\TRUNK\SOURCECODE\TRIALMAX\TMAXPRESENTATION\APP\RELEASE\DBDETAILS.OBJ
E:\10PEARLS PROJECTS\TRAIL MAX\REPOSITORY\TRUNK\SOURCECODE\TRIALMAX\TMAXPRESENTATION\APP\RELEASE\DBEXTENTS.OBJ
E:\10PEARLS PROJECTS\TRAIL MAX\REPOSITORY\TRUNK\SOURCECODE\TRIALMAX\TMAXPRESENTATION\APP\RELEASE\DBHIGHLIGHTERS.OBJ
E:\10PEARLS PROJECTS\TRAIL MAX\REPOSITORY\TRUNK\SOURCECODE\TRIALMAX\TMAXPRESENTATION\APP\RELEASE\DBNET.OBJ
E:\10PEARLS PROJECTS\TRAIL MAX\REPOSITORY\TRUNK\SOURCECODE\TRIALMAX\TMAXPRESENTATION\APP\RELEASE\DBPRIMARY.OBJ
E:\10PEARLS PROJECTS\TRAIL MAX\REPOSITORY\TRUNK\SOURCECODE\TRIALMAX\TMAXPRESENTATION\APP\RELEASE\DBQUATERNARY.OBJ
E:\10PEARLS PROJECTS\TRAIL MAX\REPOSITORY\TRUNK\SOURCECODE\TRIALMAX\TMAXPRESENTATION\APP\RELEASE\DBSECONDARY.OBJ
E:\10PEARLS PROJECTS\TRAIL MAX\REPOSITORY\TRUNK\SOURCECODE\TRIALMAX\TMAXPRESENTATION\APP\RELEASE\DBTERTIARY.OBJ
E:\10PEARLS PROJECTS\TRAIL MAX\REPOSITORY\TRUNK\SOURCECODE\TRIALMAX\TMAXPRESENTATION\APP\RELEASE\DBTRANSCRIPTS.OBJ
E:\10PEARLS PROJECTS\TRAIL MAX\REPOSITORY\TRUNK\SOURCECODE\TRIALMAX\TMAXPRESENTATION\APP\RELEASE\DBUSERS.OBJ
E:\10PEARLS PROJECTS\TRAIL MAX\REPOSITORY\TRUNK\SOURCECODE\TRIALMAX\TMAXPRESENTATION\APP\RELEASE\DEPOSIT.OBJ
E:\10PEARLS PROJECTS\TRAIL MAX\REPOSITORY\TRUNK\SOURCECODE\TRIALMAX\TMAXPRESENTATION\APP\RELEASE\DESGSET.OBJ
E:\10PEARLS PROJECTS\TRAIL MAX\REPOSITORY\TRUNK\SOURCECODE\TRIALMAX\TMAXPRESENTATION\APP\RELEASE\DESIGNAT.OBJ
E:\10PEARLS PROJECTS\TRAIL MAX\REPOSITORY\TRUNK\SOURCECODE\TRIALMAX\TMAXPRESENTATION\APP\RELEASE\DOCUMENT.OBJ
E:\10PEARLS PROJECTS\TRAIL MAX\REPOSITORY\TRUNK\SOURCECODE\TRIALMAX\TMAXPRESENTATION\APP\RELEASE\FONT.OBJ
E:\10PEARLS PROJECTS\TRAIL MAX\REPOSITORY\TRUNK\SOURCECODE\TRIALMAX\TMAXPRESENTATION\APP\RELEASE\FRAME.OBJ
E:\10PEARLS PROJECTS\TRAIL MAX\REPOSITORY\TRUNK\SOURCECODE\TRIALMAX\TMAXPRESENTATION\APP\RELEASE\HANDLER.OBJ
E:\10Pearls Projects\Trail Max\Repository\trunk\SourceCode\Trialmax\TmaxPresentation\App\Release\link.command.1.tlog
E:\10PEARLS PROJECTS\TRAIL MAX\REPOSITORY\TRUNK\SOURCECODE\TRIALMAX\TMAXPRESENTATION\APP\RELEASE\LINK.OBJ
E:\10Pearls Projects\Trail Max\Repository\trunk\SourceCode\Trialmax\TmaxPresentation\App\Release\link.read.1.tlog
E:\10Pearls Projects\Trail Max\Repository\trunk\SourceCode\Trialmax\TmaxPresentation\App\Release\link.write.1.tlog
E:\10Pearls Projects\Trail Max\Repository\trunk\SourceCode\Trialmax\TmaxPresentation\App\Release\link-cvtres.read.1.tlog
E:\10Pearls Projects\Trail Max\Repository\trunk\SourceCode\Trialmax\TmaxPresentation\App\Release\link-cvtres.write.1.tlog
E:\10PEARLS PROJECTS\TRAIL MAX\REPOSITORY\TRUNK\SOURCECODE\TRIALMAX\TMAXPRESENTATION\APP\RELEASE\LINKSET.OBJ
E:\10PEARLS PROJECTS\TRAIL MAX\REPOSITORY\TRUNK\SOURCECODE\TRIALMAX\TMAXPRESENTATION\APP\RELEASE\MACHINE.OBJ
E:\10PEARLS PROJECTS\TRAIL MAX\REPOSITORY\TRUNK\SOURCECODE\TRIALMAX\TMAXPRESENTATION\APP\RELEASE\MEDIA.OBJ
E:\10PEARLS PROJECTS\TRAIL MAX\REPOSITORY\TRUNK\SOURCECODE\TRIALMAX\TMAXPRESENTATION\APP\RELEASE\MEDIASET.OBJ
E:\10Pearls Projects\Trail Max\Repository\trunk\SourceCode\Trialmax\TmaxPresentation\App\Release\midl.command.1.tlog
E:\10Pearls Projects\Trail Max\Repository\trunk\SourceCode\Trialmax\TmaxPresentation\App\Release\midl.read.1.tlog
E:\10Pearls Projects\Trail Max\Repository\trunk\SourceCode\Trialmax\TmaxPresentation\App\Release\midl.write.1.tlog
E:\10Pearls Projects\Trail Max\Repository\trunk\SourceCode\Trialmax\TmaxPresentation\App\Release\midl-midlc.read.1.tlog
E:\10Pearls Projects\Trail Max\Repository\trunk\SourceCode\Trialmax\TmaxPresentation\App\Release\midl-midlc.write.1.tlog
E:\10Pearls Projects\Trail Max\Repository\trunk\SourceCode\Trialmax\TmaxPresentation\App\Release\midl-midlc-cl.read.1.tlog
E:\10PEARLS PROJECTS\TRAIL MAX\REPOSITORY\TRUNK\SOURCECODE\TRIALMAX\TMAXPRESENTATION\APP\RELEASE\MSXML3.OBJ
E:\10Pearls Projects\Trail Max\Repository\trunk\SourceCode\Trialmax\TmaxPresentation\App\Release\mt.command.1.tlog
E:\10Pearls Projects\Trail Max\Repository\trunk\SourceCode\Trialmax\TmaxPresentation\App\Release\mt.read.1.tlog
E:\10Pearls Projects\Trail Max\Repository\trunk\SourceCode\Trialmax\TmaxPresentation\App\Release\mt.write.1.tlog
E:\10PEARLS PROJECTS\TRAIL MAX\REPOSITORY\TRUNK\SOURCECODE\TRIALMAX\TMAXPRESENTATION\APP\RELEASE\MULTIPG.OBJ
E:\10PEARLS PROJECTS\TRAIL MAX\REPOSITORY\TRUNK\SOURCECODE\TRIALMAX\TMAXPRESENTATION\APP\RELEASE\PAGESET.OBJ
E:\10PEARLS PROJECTS\TRAIL MAX\REPOSITORY\TRUNK\SOURCECODE\TRIALMAX\TMAXPRESENTATION\APP\RELEASE\PLAYLIST.OBJ
E:\10Pearls Projects\Trail Max\Repository\trunk\SourceCode\Trialmax\TmaxPresentation\App\Release\rc.command.1.tlog
E:\10Pearls Projects\Trail Max\Repository\trunk\SourceCode\Trialmax\TmaxPresentation\App\Release\rc.read.1.tlog
E:\10Pearls Projects\Trail Max\Repository\trunk\SourceCode\Trialmax\TmaxPresentation\App\Release\rc.write.1.tlog
E:\10PEARLS PROJECTS\TRAIL MAX\REPOSITORY\TRUNK\SOURCECODE\TRIALMAX\TMAXPRESENTATION\APP\RELEASE\SECONDARY.OBJ
E:\10PEARLS PROJECTS\TRAIL MAX\REPOSITORY\TRUNK\SOURCECODE\TRIALMAX\TMAXPRESENTATION\APP\RELEASE\SETLINE.OBJ
E:\10PEARLS PROJECTS\TRAIL MAX\REPOSITORY\TRUNK\SOURCECODE\TRIALMAX\TMAXPRESENTATION\APP\RELEASE\SETUP.OBJ
E:\10PEARLS PROJECTS\TRAIL MAX\REPOSITORY\TRUNK\SOURCECODE\TRIALMAX\TMAXPRESENTATION\APP\RELEASE\SHOW.OBJ
E:\10PEARLS PROJECTS\TRAIL MAX\REPOSITORY\TRUNK\SOURCECODE\TRIALMAX\TMAXPRESENTATION\APP\RELEASE\SHOWITEM.OBJ
E:\10PEARLS PROJECTS\TRAIL MAX\REPOSITORY\TRUNK\SOURCECODE\TRIALMAX\TMAXPRESENTATION\APP\RELEASE\SHOWSET.OBJ
E:\10PEARLS PROJECTS\TRAIL MAX\REPOSITORY\TRUNK\SOURCECODE\TRIALMAX\TMAXPRESENTATION\APP\RELEASE\SPLASH.OBJ
E:\10PEARLS PROJECTS\TRAIL MAX\REPOSITORY\TRUNK\SOURCECODE\TRIALMAX\TMAXPRESENTATION\APP\RELEASE\STDAFX.OBJ
E:\10PEARLS PROJECTS\TRAIL MAX\REPOSITORY\TRUNK\SOURCECODE\TRIALMAX\TMAXPRESENTATION\APP\RELEASE\TABLES.OBJ
E:\10PEARLS PROJECTS\TRAIL MAX\REPOSITORY\TRUNK\SOURCECODE\TRIALMAX\TMAXPRESENTATION\APP\RELEASE\TERTIARY.OBJ
E:\10PEARLS PROJECTS\TRAIL MAX\REPOSITORY\TRUNK\SOURCECODE\TRIALMAX\TMAXPRESENTATION\APP\RELEASE\TEXTLINE.OBJ
E:\10PEARLS PROJECTS\TRAIL MAX\REPOSITORY\TRUNK\SOURCECODE\TRIALMAX\TMAXPRESENTATION\APP\RELEASE\TEXTPAGE.OBJ
E:\10PEARLS PROJECTS\TRAIL MAX\REPOSITORY\TRUNK\SOURCECODE\TRIALMAX\TMAXPRESENTATION\APP\RELEASE\TEXTSET.OBJ
E:\10PEARLS PROJECTS\TRAIL MAX\REPOSITORY\TRUNK\SOURCECODE\TRIALMAX\TMAXPRESENTATION\APP\RELEASE\TMAXPRESENTATION.EXE.INTERMEDIATE.MANIFEST
E:\10PEARLS PROJECTS\TRAIL MAX\REPOSITORY\TRUNK\SOURCECODE\TRIALMAX\TMAXPRESENTATION\APP\RELEASE\TMAXPRESENTATION.RES
E:\10Pearls Projects\Trail Max\Repository\trunk\SourceCode\Trialmax\TmaxPresentation\App\Release\TmaxPresentation.vcxprojResolveAssemblyReference.cache
E:\10Pearls Projects\Trail Max\Repository\trunk\SourceCode\Trialmax\TmaxPresentation\App\Release\TmaxPresentation.write.1.tlog
E:\10PEARLS PROJECTS\TRAIL MAX\REPOSITORY\TRUNK\SOURCECODE\TRIALMAX\TMAXPRESENTATION\APP\RELEASE\TMBARS.OBJ
E:\10PEARLS PROJECTS\TRAIL MAX\REPOSITORY\TRUNK\SOURCECODE\TRIALMAX\TMAXPRESENTATION\APP\RELEASE\TMCMDLIN.OBJ
E:\10PEARLS PROJECTS\TRAIL MAX\REPOSITORY\TRUNK\SOURCECODE\TRIALMAX\TMAXPRESENTATION\APP\RELEASE\TMGRAB.OBJ
E:\10PEARLS PROJECTS\TRAIL MAX\REPOSITORY\TRUNK\SOURCECODE\TRIALMAX\TMAXPRESENTATION\APP\RELEASE\TMHELP.OBJ
E:\10PEARLS PROJECTS\TRAIL MAX\REPOSITORY\TRUNK\SOURCECODE\TRIALMAX\TMAXPRESENTATION\APP\RELEASE\TMINI.OBJ
E:\10PEARLS PROJECTS\TRAIL MAX\REPOSITORY\TRUNK\SOURCECODE\TRIALMAX\TMAXPRESENTATION\APP\RELEASE\TMLPEN.OBJ
E:\10PEARLS PROJECTS\TRAIL MAX\REPOSITORY\TRUNK\SOURCECODE\TRIALMAX\TMAXPRESENTATION\APP\RELEASE\TMMOVIE.OBJ
E:\10PEARLS PROJECTS\TRAIL MAX\REPOSITORY\TRUNK\SOURCECODE\TRIALMAX\TMAXPRESENTATION\APP\RELEASE\TMPOWER.OBJ
E:\10PEARLS PROJECTS\TRAIL MAX\REPOSITORY\TRUNK\SOURCECODE\TRIALMAX\TMAXPRESENTATION\APP\RELEASE\TMSETUP.OBJ
E:\10PEARLS PROJECTS\TRAIL MAX\REPOSITORY\TRUNK\SOURCECODE\TRIALMAX\TMAXPRESENTATION\APP\RELEASE\TMSHARE.OBJ
E:\10PEARLS PROJECTS\TRAIL MAX\REPOSITORY\TRUNK\SOURCECODE\TRIALMAX\TMAXPRESENTATION\APP\RELEASE\TMSTAT.OBJ
E:\10PEARLS PROJECTS\TRAIL MAX\REPOSITORY\TRUNK\SOURCECODE\TRIALMAX\TMAXPRESENTATION\APP\RELEASE\TMTEXT.OBJ
E:\10PEARLS PROJECTS\TRAIL MAX\REPOSITORY\TRUNK\SOURCECODE\TRIALMAX\TMAXPRESENTATION\APP\RELEASE\TMTOOL.OBJ
E:\10PEARLS PROJECTS\TRAIL MAX\REPOSITORY\TRUNK\SOURCECODE\TRIALMAX\TMAXPRESENTATION\APP\RELEASE\TMVIEW.OBJ
E:\10PEARLS PROJECTS\TRAIL MAX\REPOSITORY\TRUNK\SOURCECODE\TRIALMAX\TMAXPRESENTATION\APP\RELEASE\TOOLBARS.OBJ
E:\10PEARLS PROJECTS\TRAIL MAX\REPOSITORY\TRUNK\SOURCECODE\TRIALMAX\TMAXPRESENTATION\APP\RELEASE\TOOLBOX.OBJ
E:\10PEARLS PROJECTS\TRAIL MAX\REPOSITORY\TRUNK\SOURCECODE\TRIALMAX\TMAXPRESENTATION\APP\RELEASE\TRANSCPT.OBJ
E:\10PEARLS PROJECTS\TRAIL MAX\REPOSITORY\TRUNK\SOURCECODE\TRIALMAX\TMAXPRESENTATION\APP\RELEASE\TRANSET.OBJ
E:\10PEARLS PROJECTS\TRAIL MAX\REPOSITORY\TRUNK\SOURCECODE\TRIALMAX\TMAXPRESENTATION\APP\RELEASE\TREATSET.OBJ
E:\10PEARLS PROJECTS\TRAIL MAX\REPOSITORY\TRUNK\SOURCECODE\TRIALMAX\TMAXPRESENTATION\APP\RELEASE\VERSET.OBJ
E:\10PEARLS PROJECTS\TRAIL MAX\REPOSITORY\TRUNK\SOURCECODE\TRIALMAX\TMAXPRESENTATION\APP\RELEASE\VIDEO.OBJ
E:\10PEARLS PROJECTS\TRAIL MAX\REPOSITORY\TRUNK\SOURCECODE\TRIALMAX\TMAXPRESENTATION\APP\RELEASE\VIDEOSET.OBJ
E:\10PEARLS PROJECTS\TRAIL MAX\REPOSITORY\TRUNK\SOURCECODE\TRIALMAX\TMAXPRESENTATION\APP\RELEASE\VIEW.OBJ
E:\10PEARLS PROJECTS\TRAIL MAX\REPOSITORY\TRUNK\SOURCECODE\TRIALMAX\TMAXPRESENTATION\APP\RELEASE\VKBDLG.OBJ
