Build started 5/9/2014 12:38:30 PM.
     1>Project "E:\10Pearls Projects\Trail Max\TrialMax\sourcecode\Trialmax\TmaxPresentation\App\TmaxPresentation.vcxproj" on node 2 (build target(s)).
     1>InitializeBuildStatus:
         Creating ".\Debug\TmaxPresentation.unsuccessfulbuild" because "AlwaysCreate" was specified.
       Midl:
         All outputs are up-to-date.
       ClCompile:
         C:\Program Files (x86)\Microsoft Visual Studio 10.0\VC\bin\CL.exe /c /IInclude /I..\Common\Include /I..\Common\Include\Tmview /I..\Common\Include\Tmdata /I..\Common\Include\Tmmovie /I..\Common\Include\Tmbars /I..\Common\Include\Tmtool /I..\Common\Include\Directx /I..\Common\Include\Tmhelp /I..\Common\Include\Tmtext /I..\Common\Include\Tmstat /I..\Common\Include\Tmlpen /I..\Common\Include\Tmpower /I..\Common\Include\Tmsetup /I..\Common\Include\Tmgrab /I..\Common\Include\Tmdb45 /I..\Common\Include\Tmdbnet /I..\Common\Include\Msxml /I..\Common\Include\Tmshare /ZI /nologo /W3 /WX- /Od /Oy- /D WIN32 /D _DEBUG /D _WINDOWS /D _VC80_UPGRADE=0x0600 /D _AFXDLL /Gm /EHsc /MDd /GS /fp:precise /Zc:wchar_t /Zc:forScope /Fo".\Debug/" /Fd".\Debug/vc100.pdb" /Gd /TP /wd4995 /analyze- /errorReport:prompt Source\View.cpp
         View.cpp
     1>e:\10pearls projects\trail max\trialmax\sourcecode\trialmax\tmaxpresentation\app\source\view.cpp(1160): warning C4345: behavior change: an object of POD type constructed with an initializer of the form () will be default-initialized
     1>e:\10pearls projects\trail max\trialmax\sourcecode\trialmax\tmaxpresentation\app\source\view.cpp(1184): warning C4345: behavior change: an object of POD type constructed with an initializer of the form () will be default-initialized
     1>e:\10pearls projects\trail max\trialmax\sourcecode\trialmax\tmaxpresentation\app\source\view.cpp(3836): warning C4101: 'tmp' : unreferenced local variable
     1>e:\10pearls projects\trail max\trialmax\sourcecode\trialmax\tmaxpresentation\app\source\view.cpp(4974): warning C4101: 'dwPriorityClass' : unreferenced local variable
     1>e:\10pearls projects\trail max\trialmax\sourcecode\trialmax\tmaxpresentation\app\source\view.cpp(5149): warning C4101: 'y' : unreferenced local variable
     1>e:\10pearls projects\trail max\trialmax\sourcecode\trialmax\tmaxpresentation\app\source\view.cpp(5148): warning C4101: 'x' : unreferenced local variable
     1>e:\10pearls projects\trail max\trialmax\sourcecode\trialmax\tmaxpresentation\app\source\view.cpp(6026): warning C4345: behavior change: an object of POD type constructed with an initializer of the form () will be default-initialized
     1>e:\10pearls projects\trail max\trialmax\sourcecode\trialmax\tmaxpresentation\app\source\view.cpp(6031): warning C4345: behavior change: an object of POD type constructed with an initializer of the form () will be default-initialized
     1>e:\10pearls projects\trail max\trialmax\sourcecode\trialmax\tmaxpresentation\app\source\view.cpp(13656): warning C4800: 'BOOL' : forcing value to bool 'true' or 'false' (performance warning)
     1>e:\10pearls projects\trail max\trialmax\sourcecode\trialmax\tmaxpresentation\app\source\view.cpp(13660): warning C4800: 'BOOL' : forcing value to bool 'true' or 'false' (performance warning)
     1>e:\10pearls projects\trail max\trialmax\sourcecode\trialmax\tmaxpresentation\app\source\view.cpp(13821): warning C4101: 'hwnd' : unreferenced local variable
     1>e:\10pearls projects\trail max\trialmax\sourcecode\trialmax\tmaxpresentation\app\source\view.cpp(13887): warning C4101: 'keyState' : unreferenced local variable
     1>e:\10pearls projects\trail max\trialmax\sourcecode\trialmax\tmaxpresentation\app\source\view.cpp(13895): warning C4101: 'keyState' : unreferenced local variable
     1>e:\10pearls projects\trail max\trialmax\sourcecode\trialmax\tmaxpresentation\app\source\view.cpp(13917): warning C4101: 'keyState' : unreferenced local variable
     1>e:\10pearls projects\trail max\trialmax\sourcecode\trialmax\tmaxpresentation\app\source\view.cpp(13921): warning C4101: 'keyState' : unreferenced local variable
     1>e:\10pearls projects\trail max\trialmax\sourcecode\trialmax\tmaxpresentation\app\source\view.cpp(14416): warning C4482: nonstandard extension used: enum 'CBinderEntry::TableType' used in qualified name
     1>e:\10pearls projects\trail max\trialmax\sourcecode\trialmax\tmaxpresentation\app\source\view.cpp(14445): warning C4482: nonstandard extension used: enum 'CBinderEntry::TableType' used in qualified name
     1>e:\10pearls projects\trail max\trialmax\sourcecode\trialmax\tmaxpresentation\app\source\view.cpp(14480): warning C4482: nonstandard extension used: enum 'CBinderEntry::TableType' used in qualified name
     1>e:\10pearls projects\trail max\trialmax\sourcecode\trialmax\tmaxpresentation\app\source\view.cpp(14519): warning C4482: nonstandard extension used: enum 'CBinderEntry::TableType' used in qualified name
     1>e:\10pearls projects\trail max\trialmax\sourcecode\trialmax\tmaxpresentation\app\source\view.cpp(14533): warning C4482: nonstandard extension used: enum 'CBinderEntry::TableType' used in qualified name
     1>e:\10pearls projects\trail max\trialmax\sourcecode\trialmax\tmaxpresentation\app\source\view.cpp(14678): warning C4996: 'strtok': This function or variable may be unsafe. Consider using strtok_s instead. To disable deprecation, use _CRT_SECURE_NO_WARNINGS. See online help for details.
                 c:\program files (x86)\microsoft visual studio 10.0\vc\include\string.h(197) : see declaration of 'strtok'
     1>e:\10pearls projects\trail max\trialmax\sourcecode\trialmax\tmaxpresentation\app\source\view.cpp(14681): warning C4996: 'strtok': This function or variable may be unsafe. Consider using strtok_s instead. To disable deprecation, use _CRT_SECURE_NO_WARNINGS. See online help for details.
                 c:\program files (x86)\microsoft visual studio 10.0\vc\include\string.h(197) : see declaration of 'strtok'
     1>e:\10pearls projects\trail max\trialmax\sourcecode\trialmax\tmaxpresentation\app\source\view.cpp(14962): warning C4482: nonstandard extension used: enum 'CColorPickerList::ColorType' used in qualified name
     1>e:\10pearls projects\trail max\trialmax\sourcecode\trialmax\tmaxpresentation\app\source\view.cpp(14963): warning C4482: nonstandard extension used: enum 'CColorPickerList::ColorType' used in qualified name
     1>e:\10pearls projects\trail max\trialmax\sourcecode\trialmax\tmaxpresentation\app\source\view.cpp(14967): warning C4482: nonstandard extension used: enum 'CColorPickerList::ColorType' used in qualified name
     1>e:\10pearls projects\trail max\trialmax\sourcecode\trialmax\tmaxpresentation\app\source\view.cpp(14968): warning C4482: nonstandard extension used: enum 'CColorPickerList::ColorType' used in qualified name
     1>e:\10pearls projects\trail max\trialmax\sourcecode\trialmax\tmaxpresentation\app\source\view.cpp(14972): warning C4482: nonstandard extension used: enum 'CColorPickerList::ColorType' used in qualified name
     1>e:\10pearls projects\trail max\trialmax\sourcecode\trialmax\tmaxpresentation\app\source\view.cpp(14973): warning C4482: nonstandard extension used: enum 'CColorPickerList::ColorType' used in qualified name
     1>e:\10pearls projects\trail max\trialmax\sourcecode\trialmax\tmaxpresentation\app\source\view.cpp(14977): warning C4482: nonstandard extension used: enum 'CColorPickerList::ColorType' used in qualified name
     1>e:\10pearls projects\trail max\trialmax\sourcecode\trialmax\tmaxpresentation\app\source\view.cpp(14978): warning C4482: nonstandard extension used: enum 'CColorPickerList::ColorType' used in qualified name
     1>e:\10pearls projects\trail max\trialmax\sourcecode\trialmax\tmaxpresentation\app\source\view.cpp(14982): warning C4482: nonstandard extension used: enum 'CColorPickerList::ColorType' used in qualified name
     1>e:\10pearls projects\trail max\trialmax\sourcecode\trialmax\tmaxpresentation\app\source\view.cpp(14983): warning C4482: nonstandard extension used: enum 'CColorPickerList::ColorType' used in qualified name
     1>e:\10pearls projects\trail max\trialmax\sourcecode\trialmax\tmaxpresentation\app\source\view.cpp(14987): warning C4482: nonstandard extension used: enum 'CColorPickerList::ColorType' used in qualified name
     1>e:\10pearls projects\trail max\trialmax\sourcecode\trialmax\tmaxpresentation\app\source\view.cpp(14988): warning C4482: nonstandard extension used: enum 'CColorPickerList::ColorType' used in qualified name
     1>e:\10pearls projects\trail max\trialmax\sourcecode\trialmax\tmaxpresentation\app\source\view.cpp(14992): warning C4482: nonstandard extension used: enum 'CColorPickerList::ColorType' used in qualified name
     1>e:\10pearls projects\trail max\trialmax\sourcecode\trialmax\tmaxpresentation\app\source\view.cpp(14993): warning C4482: nonstandard extension used: enum 'CColorPickerList::ColorType' used in qualified name
     1>e:\10pearls projects\trail max\trialmax\sourcecode\trialmax\tmaxpresentation\app\source\view.cpp(14997): warning C4482: nonstandard extension used: enum 'CColorPickerList::ColorType' used in qualified name
     1>e:\10pearls projects\trail max\trialmax\sourcecode\trialmax\tmaxpresentation\app\source\view.cpp(14998): warning C4482: nonstandard extension used: enum 'CColorPickerList::ColorType' used in qualified name
     1>e:\10pearls projects\trail max\trialmax\sourcecode\trialmax\tmaxpresentation\app\source\view.cpp(15002): warning C4482: nonstandard extension used: enum 'CColorPickerList::ColorType' used in qualified name
     1>e:\10pearls projects\trail max\trialmax\sourcecode\trialmax\tmaxpresentation\app\source\view.cpp(15003): warning C4482: nonstandard extension used: enum 'CColorPickerList::ColorType' used in qualified name
     1>e:\10pearls projects\trail max\trialmax\sourcecode\trialmax\tmaxpresentation\app\source\view.cpp(15007): warning C4482: nonstandard extension used: enum 'CColorPickerList::ColorType' used in qualified name
     1>e:\10pearls projects\trail max\trialmax\sourcecode\trialmax\tmaxpresentation\app\source\view.cpp(15008): warning C4482: nonstandard extension used: enum 'CColorPickerList::ColorType' used in qualified name
     1>e:\10pearls projects\trail max\trialmax\sourcecode\trialmax\tmaxpresentation\app\source\view.cpp(15012): warning C4482: nonstandard extension used: enum 'CColorPickerList::ColorType' used in qualified name
     1>e:\10pearls projects\trail max\trialmax\sourcecode\trialmax\tmaxpresentation\app\source\view.cpp(15013): warning C4482: nonstandard extension used: enum 'CColorPickerList::ColorType' used in qualified name
     1>e:\10pearls projects\trail max\trialmax\sourcecode\trialmax\tmaxpresentation\app\source\view.cpp(15017): warning C4482: nonstandard extension used: enum 'CColorPickerList::ColorType' used in qualified name
     1>e:\10pearls projects\trail max\trialmax\sourcecode\trialmax\tmaxpresentation\app\source\view.cpp(15018): warning C4482: nonstandard extension used: enum 'CColorPickerList::ColorType' used in qualified name
     1>e:\10pearls projects\trail max\trialmax\sourcecode\trialmax\tmaxpresentation\app\source\view.cpp(15085): warning C4482: nonstandard extension used: enum 'CColorPickerList::ColorType' used in qualified name
     1>e:\10pearls projects\trail max\trialmax\sourcecode\trialmax\tmaxpresentation\app\source\view.cpp(15087): warning C4482: nonstandard extension used: enum 'CColorPickerList::ColorType' used in qualified name
     1>e:\10pearls projects\trail max\trialmax\sourcecode\trialmax\tmaxpresentation\app\source\view.cpp(15089): warning C4482: nonstandard extension used: enum 'CColorPickerList::ColorType' used in qualified name
     1>e:\10pearls projects\trail max\trialmax\sourcecode\trialmax\tmaxpresentation\app\source\view.cpp(15091): warning C4482: nonstandard extension used: enum 'CColorPickerList::ColorType' used in qualified name
     1>e:\10pearls projects\trail max\trialmax\sourcecode\trialmax\tmaxpresentation\app\source\view.cpp(15093): warning C4482: nonstandard extension used: enum 'CColorPickerList::ColorType' used in qualified name
     1>e:\10pearls projects\trail max\trialmax\sourcecode\trialmax\tmaxpresentation\app\source\view.cpp(15095): warning C4482: nonstandard extension used: enum 'CColorPickerList::ColorType' used in qualified name
     1>e:\10pearls projects\trail max\trialmax\sourcecode\trialmax\tmaxpresentation\app\source\view.cpp(15097): warning C4482: nonstandard extension used: enum 'CColorPickerList::ColorType' used in qualified name
     1>e:\10pearls projects\trail max\trialmax\sourcecode\trialmax\tmaxpresentation\app\source\view.cpp(15099): warning C4482: nonstandard extension used: enum 'CColorPickerList::ColorType' used in qualified name
     1>e:\10pearls projects\trail max\trialmax\sourcecode\trialmax\tmaxpresentation\app\source\view.cpp(15101): warning C4482: nonstandard extension used: enum 'CColorPickerList::ColorType' used in qualified name
     1>e:\10pearls projects\trail max\trialmax\sourcecode\trialmax\tmaxpresentation\app\source\view.cpp(15103): warning C4482: nonstandard extension used: enum 'CColorPickerList::ColorType' used in qualified name
         All outputs are up-to-date.
         All outputs are up-to-date.
         All outputs are up-to-date.
       ResourceCompile:
         All outputs are up-to-date.
       ManifestResourceCompile:
         All outputs are up-to-date.
       Link:
         C:\Program Files (x86)\Microsoft Visual Studio 10.0\VC\bin\link.exe /ERRORREPORT:PROMPT /OUT:".\..\..\Bin\Debug/TmaxPresentation.exe" /INCREMENTAL /NOLOGO /MANIFEST /ManifestFile:".\Debug\TmaxPresentation.exe.intermediate.manifest" /MANIFESTUAC:"level='asInvoker' uiAccess='false'" /DEBUG /PDB:".\..\..\Bin\Debug/TmaxPresentation.pdb" /SUBSYSTEM:WINDOWS /TLBID:1 /DYNAMICBASE:NO /IMPLIB:".\..\..\Bin\Debug\TmaxPresentation.lib" /MACHINE:X86 .\Debug\TmaxPresentation.res
         .\Debug\TmaxPresentation.exe.embed.manifest.res
         .\Debug/BinderEntry.obj
         .\Debug/Alias.obj
         .\Debug/Dbbinderentry.obj
         .\Debug/App.obj
         .\Debug/Applink.obj
         .\Debug/Barcode.obj
         .\Debug/Bcmapset.obj
         .\Debug/Colorset.obj
         .\Debug/Db45.obj
         .\Debug/Dbabstract.obj
         .\Debug/Dbbarcodemap.obj
         .\Debug/Dbdetails.obj
         .\Debug/Dbextents.obj
         .\Debug/Dbhighlighters.obj
         .\Debug/Dbnet.obj
         .\Debug/Dbprimary.obj
         .\Debug/Dbquaternary.obj
         .\Debug/Dbsecondary.obj
         .\Debug/dbtertiary.obj
         .\Debug/Dbtranscripts.obj
         .\Debug/Dbusers.obj
         .\Debug/Deposit.obj
         .\Debug/Desgset.obj
         .\Debug/Designat.obj
         .\Debug/BinderList.obj
         .\Debug/ColorPickerList.obj
         .\Debug/Document.obj
         .\Debug/Font.obj
         .\Debug/Frame.obj
         .\Debug/Handler.obj
         .\Debug/Link.obj
         .\Debug/Linkset.obj
         .\Debug/Machine.obj
         .\Debug/Media.obj
         .\Debug/Mediaset.obj
         .\Debug/Msxml3.obj
         .\Debug/Multipg.obj
         .\Debug/Pageset.obj
         .\Debug/Playlist.obj
         .\Debug/Secondary.obj
         .\Debug/Setline.obj
         .\Debug/Setup.obj
         .\Debug/Show.obj
         .\Debug/ShowItem.obj
         .\Debug/Showset.obj
         .\Debug/splash.obj
         .\Debug/Stdafx.obj
         .\Debug/Tables.obj
         .\Debug/Tertiary.obj
         .\Debug/Textline.obj
         .\Debug/Textpage.obj
         .\Debug/Textset.obj
         .\Debug/Tmbars.obj
         .\Debug/Tmcmdlin.obj
         .\Debug/Tmgrab.obj
         .\Debug/Tmhelp.obj
         .\Debug/Tmini.obj
         .\Debug/Tmlpen.obj
         .\Debug/Tmmovie.obj
         .\Debug/Tmpower.obj
         .\Debug/Tmsetup.obj
         .\Debug/Tmshare.obj
         .\Debug/Tmstat.obj
         .\Debug/Tmtext.obj
         .\Debug/Tmtool.obj
         .\Debug/Tmview.obj
         .\Debug/Toolbars.obj
         .\Debug/Toolbox.obj
         .\Debug/Transcpt.obj
         .\Debug/Transet.obj
         .\Debug/Treatset.obj
         .\Debug/Verset.obj
         .\Debug/Video.obj
         .\Debug/Videoset.obj
         .\Debug/View.obj
         .\Debug/VKBDlg.obj
         .\Debug/VKBDlg.obj
         ..\Common\Lib\Directx\strmiids.lib
       Manifest:
         C:\Program Files (x86)\Microsoft SDKs\Windows\v7.0A\bin\mt.exe /nologo /verbose /out:".\Debug\TmaxPresentation.exe.embed.manifest" /manifest .\Debug\TmaxPresentation.exe.intermediate.manifest "C:\Program Files (x86)\Microsoft Visual Studio 10.0\VC\Include\Manifest\dpiaware.manifest"
         All outputs are up-to-date.
       LinkEmbedManifest:
         All outputs are up-to-date.
         TmaxPresentation.vcxproj -> E:\10Pearls Projects\Trail Max\TrialMax\sourcecode\Trialmax\TmaxPresentation\App\.\..\..\Bin\Debug\TmaxPresentation.exe
       FinalizeBuildStatus:
         Deleting file ".\Debug\TmaxPresentation.unsuccessfulbuild".
         Touching ".\Debug\TmaxPresentation.lastbuildstate".
     1>Done Building Project "E:\10Pearls Projects\Trail Max\TrialMax\sourcecode\Trialmax\TmaxPresentation\App\TmaxPresentation.vcxproj" (build target(s)).

Build succeeded.

Time Elapsed 00:00:06.49
